1	0.537775	0.656	0.5	0.0614936	-1
2	0.562825	0.7355	0.5	0.0769407	-1
3	0.5869	0.7355	0.5	0.0732522	-1
4	0.6404	0.737	0.5625	0.0485559	-1
5	0.658225	0.7535	0.6185	0.0429659	-1
6	0.67615	0.7535	0.6455	0.0418063	-1
7	0.700375	0.7535	0.6455	0.0426194	-1
8	0.709425	0.7535	0.6535	0.0391788	-1
9	0.7314	0.7535	0.6735	0.0181047	-1
10	0.737425	0.7535	0.726	0.00911948	-1
11	0.742275	0.761	0.7325	0.00835633	-1
12	0.74915	0.763	0.737	0.00818391	-1
13	0.75325	0.763	0.743	0.00617827	-1
14	0.763825	0.925	0.7475	0.0381997	-1
15	0.76645	0.925	0.7535	0.0375191	-1
16	0.7919	0.925	0.7535	0.0665823	-1
17	0.793075	0.925	0.7545	0.0659346	-1
18	0.80125	0.925	0.761	0.0703935	-1
19	0.8253	0.936	0.761	0.0797035	-1
20	0.863375	0.936	0.763	0.0772564	-1
21	0.9096	0.936	0.8135	0.0330313	-1
22	0.927925	0.939	0.914	0.00678674	-1
23	0.931175	0.944	0.925	0.00618418	-1
24	0.932825	0.944	0.925	0.00574748	-1
25	0.936725	0.944	0.928	0.00336185	-1
26	0.93845	0.944	0.936	0.00345612	-1
27	0.94005	0.944	0.936	0.00380409	-1
28	0.94245	0.944	0.936	0.00285575	-1
29	0.94455	0.955	0.944	0.00245967	-1
30	0.9451	0.955	0.944	0.00338572	-1
31	0.94565	0.955	0.944	0.00402982	-1
32	0.9462	0.955	0.944	0.00451429	-1
33	0.94795	0.968	0.944	0.0067627	-1
34	0.95025	0.968	0.944	0.00800575	-1
35	0.95255	0.968	0.944	0.00844471	-1
36	0.9554	0.968	0.944	0.00780283	-1
37	0.9576	0.968	0.955	0.00533509	-1
38	0.96175	0.972	0.955	0.00698024	-1
39	0.96445	0.972	0.955	0.00620251	-1
40	0.9683	0.972	0.968	0.000923381	-1
41	0.96835	0.972	0.968	0.000933302	-1
42	0.9685	0.972	0.968	0.000945905	-1
43	0.9686	0.972	0.968	0.000940324	-1
44	0.9688	0.972	0.968	0.000894427	-1
45	0.96905	0.972	0.968	0.000825582	-1
46	0.9693	0.972	0.969	0.000732706	-1
47	0.9694	0.972	0.969	0.00075395	-1
48	0.9694	0.972	0.969	0.00075395	-1
49	0.96975	0.972	0.969	0.000910477	-1
50	0.9699	0.972	0.969	0.000852251	-1
51	0.9701	0.972	0.969	0.000718185	-1
52	0.9704	0.972	0.97	0.000820772	-1
53	0.9707	0.972	0.97	0.000978708	-1
54	0.970925	0.972	0.97	0.0010036	-1
55	0.971825	0.974	0.97	0.000847201	-1
56	0.9721	0.974	0.972	0.000447208	-1
57	0.9721	0.974	0.972	0.000447208	-1
58	0.9721	0.974	0.972	0.000447208	-1
59	0.9723	0.976	0.972	0.00097872	-1
60	0.9724	0.976	0.972	0.00104629	-1
61	0.97265	0.976	0.972	0.00122582	-1
62	0.97295	0.978	0.972	0.00170062	-1
63	0.97375	0.979	0.972	0.0021734	-1
64	0.9746	0.979	0.972	0.00187504	-1
65	0.9751	0.979	0.974	0.00141049	-1
66	0.9756	0.979	0.974	0.00142902	-1
67	0.9763	0.979	0.975	0.00134162	-1
68	0.9773	0.98	0.976	0.00141792	-1
69	0.97795	0.98	0.976	0.00135626	-1
70	0.9783	0.98	0.976	0.00108093	-1
71	0.97905	0.98	0.978	0.000686346	-1
72	0.9793	0.98	0.979	0.000470184	-1
73	0.9795	0.98	0.979	0.000513013	-1
74	0.9797	0.98	0.979	0.000470184	-1
75	0.98	0.98	0.98	3.05765e-007	-1
76	0.98	0.98	0.98	3.05765e-007	-1
77	0.98	0.98	0.98	3.05765e-007	-1
78	0.98	0.98	0.98	3.05765e-007	-1
79	0.98	0.98	0.98	3.05765e-007	-1
80	0.98	0.98	0.98	3.05765e-007	-1
81	0.98	0.98	0.98	3.05765e-007	-1
82	0.98	0.98	0.98	3.05765e-007	-1
83	0.98005	0.981	0.98	0.000223604	-1
84	0.98005	0.981	0.98	0.000223604	-1
85	0.9801	0.981	0.98	0.00030779	-1
86	0.9802	0.982	0.98	0.000523141	-1
87	0.98055	0.982	0.98	0.000759145	-1
88	0.98065	0.982	0.98	0.000812717	-1
89	0.981	0.982	0.98	0.000858384	-1
90	0.9815	0.982	0.98	0.000606969	-1
91	0.98175	0.982	0.981	0.000444256	-1
92	0.982	0.982	0.982	1.83459e-007	-1
93	0.982	0.982	0.982	1.83459e-007	-1
94	0.982	0.982	0.982	1.83459e-007	-1
95	0.982	0.982	0.982	1.83459e-007	-1
96	0.98215	0.985	0.982	0.000670825	-1
97	0.98215	0.985	0.982	0.000670825	-1
98	0.98215	0.985	0.982	0.000670825	-1
99	0.98245	0.988	0.982	0.00146808	-1
100	0.982725	0.988	0.982	0.00184587	-1
101	0.979075	0.9855	0.978	0.00232987	-1
102	0.9797	0.9855	0.978	0.00277869	-1
103	0.98025	0.9855	0.978	0.00269747	-1
104	0.9812	0.9855	0.978	0.00287641	-1
105	0.98215	0.9855	0.978	0.00243926	-1
106	0.983	0.9855	0.981	0.0018496	-1
107	0.984025	0.9855	0.981	0.00141862	-1
108	0.98455	0.9855	0.9825	0.00101176	-1
109	0.98505	0.9855	0.984	0.000559592	-1
110	0.985375	0.9855	0.9845	0.00027505	-1
111	0.985475	0.9855	0.985	0.000111795	-1
112	0.9855	0.9855	0.9855	1.83459e-007	-1
113	0.9855	0.9855	0.9855	1.83459e-007	-1
114	0.985525	0.986	0.9855	0.000111809	-1
115	0.985525	0.986	0.9855	0.000111809	-1
116	0.985525	0.986	0.9855	0.000111809	-1
117	0.98555	0.986	0.9855	0.000153904	-1
118	0.9857	0.9865	0.9855	0.000376986	-1
119	0.985825	0.988	0.9855	0.000634022	-1
120	0.985925	0.988	0.9855	0.000634023	-1
121	0.986075	0.988	0.9855	0.000765631	-1
122	0.9867	0.988	0.9855	0.000951445	-1
123	0.987025	0.988	0.986	0.00086563	-1
124	0.987275	0.988	0.9865	0.000697248	-1
125	0.987525	0.988	0.9865	0.000595472	-1
126	0.9879	0.988	0.987	0.000261566	-1
127	0.988	0.988	0.988	1.22306e-007	-1
128	0.988	0.988	0.988	1.22306e-007	-1
129	0.988	0.988	0.988	1.22306e-007	-1
130	0.988	0.988	0.988	1.22306e-007	-1
131	0.988	0.988	0.988	1.22306e-007	-1
132	0.988	0.988	0.988	1.22306e-007	-1
133	0.988	0.988	0.988	1.22306e-007	-1
134	0.988	0.988	0.988	1.22306e-007	-1
135	0.988	0.988	0.988	1.22306e-007	-1
136	0.988	0.988	0.988	1.22306e-007	-1
137	0.988	0.988	0.988	1.22306e-007	-1
138	0.988	0.988	0.988	1.22306e-007	-1
139	0.988	0.988	0.988	1.22306e-007	-1
140	0.988	0.988	0.988	1.22306e-007	-1
141	0.988	0.988	0.988	1.22306e-007	-1
142	0.988	0.988	0.988	1.22306e-007	-1
143	0.988	0.988	0.988	1.22306e-007	-1
144	0.988	0.988	0.988	1.22306e-007	-1
145	0.988	0.988	0.988	1.22306e-007	-1
146	0.988	0.988	0.988	1.22306e-007	-1
147	0.988	0.988	0.988	1.22306e-007	-1
148	0.988	0.988	0.988	1.22306e-007	-1
149	0.988	0.988	0.988	1.22306e-007	-1
150	0.988	0.988	0.988	1.22306e-007	-1
151	0.988	0.988	0.988	1.22306e-007	-1
152	0.988	0.988	0.988	1.22306e-007	-1
153	0.988	0.988	0.988	1.22306e-007	-1
154	0.988	0.988	0.988	1.22306e-007	-1
155	0.988	0.988	0.988	1.22306e-007	-1
156	0.988	0.988	0.988	1.22306e-007	-1
157	0.988	0.988	0.988	1.22306e-007	-1
158	0.988	0.988	0.988	1.22306e-007	-1
159	0.988	0.988	0.988	1.22306e-007	-1
160	0.988	0.988	0.988	1.22306e-007	-1
161	0.988	0.988	0.988	1.22306e-007	-1
162	0.988	0.988	0.988	1.22306e-007	-1
163	0.988	0.988	0.988	1.22306e-007	-1
164	0.988	0.988	0.988	1.22306e-007	-1
165	0.988	0.988	0.988	1.22306e-007	-1
166	0.988	0.988	0.988	1.22306e-007	-1
167	0.988	0.988	0.988	1.22306e-007	-1
168	0.988025	0.9885	0.988	0.000111809	-1
169	0.988025	0.9885	0.988	0.000111809	-1
170	0.988025	0.9885	0.988	0.000111809	-1
171	0.988025	0.9885	0.988	0.000111809	-1
172	0.988025	0.9885	0.988	0.000111809	-1
173	0.988025	0.9885	0.988	0.000111809	-1
174	0.988025	0.9885	0.988	0.000111809	-1
175	0.98805	0.9885	0.988	0.000153904	-1
176	0.98805	0.9885	0.988	0.000153904	-1
177	0.98805	0.9885	0.988	0.000153904	-1
178	0.98805	0.9885	0.988	0.000153904	-1
179	0.98805	0.9885	0.988	0.000153904	-1
180	0.988075	0.9885	0.988	0.000183182	-1
181	0.9881	0.9885	0.988	0.000205205	-1
182	0.988125	0.9885	0.988	0.000222141	-1
183	0.9882	0.9885	0.988	0.000251324	-1
184	0.988275	0.9885	0.988	0.000255221	-1
185	0.988425	0.9885	0.988	0.000183182	-1
186	0.9885	0.9885	0.9885	0	-1
187	0.9885	0.9885	0.9885	0	-1
188	0.9885	0.9885	0.9885	0	-1
189	0.9885	0.9885	0.9885	0	-1
190	0.9885	0.9885	0.9885	0	-1
191	0.9885	0.9885	0.9885	0	-1
192	0.9885	0.9885	0.9885	0	-1
193	0.9885	0.9885	0.9885	0	-1
194	0.9885	0.9885	0.9885	0	-1
195	0.9885	0.9885	0.9885	0	-1
196	0.9885	0.9885	0.9885	0	-1
197	0.9885	0.9885	0.9885	0	-1
198	0.9885	0.9885	0.9885	0	-1
199	0.9885	0.9885	0.9885	0	-1
200	0.9885	0.9885	0.9885	0	-1
201	0.987	0.987	0.987	3.05765e-007	-1
